2026-05-28 12:06:59.382 [main] INFO  com.mindecho.MindEchoApplication - Starting MindEchoApplication using Java 21.0.7 with PID 41768 (/Users/wujunsheng/IdeaProjects/mindEcho/target/classes started by wujunsheng in /Users/wujunsheng/IdeaProjects/mindEcho)
2026-05-28 12:06:59.387 [main] DEBUG com.mindecho.MindEchoApplication - Running with Spring Boot v3.2.5, Spring v6.1.6
2026-05-28 12:06:59.387 [main] INFO  com.mindecho.MindEchoApplication - The following 1 profile is active: "dev"
2026-05-28 12:07:00.169 [main] INFO  o.s.d.r.c.RepositoryConfigurationDelegate - Multiple Spring Data modules found, entering strict repository configuration mode
2026-05-28 12:07:00.171 [main] INFO  o.s.d.r.c.RepositoryConfigurationDelegate - Bootstrapping Spring Data Redis repositories in DEFAULT mode.
2026-05-28 12:07:00.185 [main] INFO  o.s.d.r.c.RepositoryConfigurationDelegate - Finished Spring Data repository scanning in 6 ms. Found 0 Redis repository interfaces.
2026-05-28 12:07:00.765 [main] INFO  o.s.b.w.e.tomcat.TomcatWebServer - Tomcat initialized with port 8080 (http)
2026-05-28 12:07:00.774 [main] INFO  o.a.catalina.core.StandardService - Starting service [Tomcat]
2026-05-28 12:07:00.774 [main] INFO  o.a.catalina.core.StandardEngine - Starting Servlet engine: [Apache Tomcat/10.1.20]
2026-05-28 12:07:00.820 [main] INFO  o.a.c.c.C.[.[localhost].[/api] - Initializing Spring embedded WebApplicationContext
2026-05-28 12:07:00.820 [main] INFO  o.s.b.w.s.c.ServletWebServerApplicationContext - Root WebApplicationContext: initialization completed in 1312 ms
2026-05-28 12:07:01.364 [main] ERROR i.n.r.d.DnsServerAddressStreamProviders - Unable to load io.netty.resolver.dns.macos.MacOSDnsServerAddressStreamProvider, fallback to system defaults. This may result in incorrect DNS resolutions on MacOS. Check whether you have a dependency on 'io.netty:netty-resolver-dns-native-macos'. Use DEBUG level to see the full stack: java.lang.UnsatisfiedLinkError: failed to load the required native library
2026-05-28 12:07:01.828 [main] INFO  org.redisson.Version - Redisson 3.28.0
2026-05-28 12:07:06.510 [main] WARN  o.s.b.w.s.c.AnnotationConfigServletWebServerApplicationContext - Exception encountered during context initialization - cancelling refresh attempt: org.springframework.beans.factory.UnsatisfiedDependencyException: Error creating bean with name 'redisTemplate' defined in class path resource [org/redisson/spring/starter/RedissonAutoConfigurationV2.class]: Unsatisfied dependency expressed through method 'redisTemplate' parameter 0: Error creating bean with name 'redissonConnectionFactory' defined in class path resource [org/redisson/spring/starter/RedissonAutoConfigurationV2.class]: Unsatisfied dependency expressed through method 'redissonConnectionFactory' parameter 0: Error creating bean with name 'redisson' defined in class path resource [org/redisson/spring/starter/RedissonAutoConfigurationV2.class]: Failed to instantiate [org.redisson.api.RedissonClient]: Factory method 'redisson' threw exception with message: java.util.concurrent.ExecutionException: org.redisson.client.RedisConnectionException: Unable to connect to Redis server: localhost/127.0.0.1:6379
2026-05-28 12:07:08.613 [main] INFO  o.a.catalina.core.StandardService - Stopping service [Tomcat]
2026-05-28 12:07:08.634 [main] INFO  o.s.b.a.l.ConditionEvaluationReportLogger - 

Error starting ApplicationContext. To display the condition evaluation report re-run your application with 'debug' enabled.
2026-05-28 12:07:08.648 [main] ERROR o.s.boot.SpringApplication - Application run failed
org.springframework.beans.factory.UnsatisfiedDependencyException: Error creating bean with name 'redisTemplate' defined in class path resource [org/redisson/spring/starter/RedissonAutoConfigurationV2.class]: Unsatisfied dependency expressed through method 'redisTemplate' parameter 0: Error creating bean with name 'redissonConnectionFactory' defined in class path resource [org/redisson/spring/starter/RedissonAutoConfigurationV2.class]: Unsatisfied dependency expressed through method 'redissonConnectionFactory' parameter 0: Error creating bean with name 'redisson' defined in class path resource [org/redisson/spring/starter/RedissonAutoConfigurationV2.class]: Failed to instantiate [org.redisson.api.RedissonClient]: Factory method 'redisson' threw exception with message: java.util.concurrent.ExecutionException: org.redisson.client.RedisConnectionException: Unable to connect to Redis server: localhost/127.0.0.1:6379
	at org.springframework.beans.factory.support.ConstructorResolver.createArgumentArray(ConstructorResolver.java:795)
	at org.springframework.beans.factory.support.ConstructorResolver.instantiateUsingFactoryMethod(ConstructorResolver.java:542)
	at org.springframework.beans.factory.support.AbstractAutowireCapableBeanFactory.instantiateUsingFactoryMethod(AbstractAutowireCapableBeanFactory.java:1335)
	at org.springframework.beans.factory.support.AbstractAutowireCapableBeanFactory.createBeanInstance(AbstractAutowireCapableBeanFactory.java:1165)
	at org.springframework.beans.factory.support.AbstractAutowireCapableBeanFactory.doCreateBean(AbstractAutowireCapableBeanFactory.java:562)
	at org.springframework.beans.factory.support.AbstractAutowireCapableBeanFactory.createBean(AbstractAutowireCapableBeanFactory.java:522)
	at org.springframework.beans.factory.support.AbstractBeanFactory.lambda$doGetBean$0(AbstractBeanFactory.java:326)
	at org.springframework.beans.factory.support.DefaultSingletonBeanRegistry.getSingleton(DefaultSingletonBeanRegistry.java:234)
	at org.springframework.beans.factory.support.AbstractBeanFactory.doGetBean(AbstractBeanFactory.java:324)
	at org.springframework.beans.factory.support.AbstractBeanFactory.getBean(AbstractBeanFactory.java:200)
	at org.springframework.beans.factory.support.DefaultListableBeanFactory.preInstantiateSingletons(DefaultListableBeanFactory.java:975)
	at org.springframework.context.support.AbstractApplicationContext.finishBeanFactoryInitialization(AbstractApplicationContext.java:962)
	at org.springframework.context.support.AbstractApplicationContext.refresh(AbstractApplicationContext.java:624)
	at org.springframework.boot.web.servlet.context.ServletWebServerApplicationContext.refresh(ServletWebServerApplicationContext.java:146)
	at org.springframework.boot.SpringApplication.refresh(SpringApplication.java:754)
	at org.springframework.boot.SpringApplication.refreshContext(SpringApplication.java:456)
	at org.springframework.boot.SpringApplication.run(SpringApplication.java:334)
	at org.springframework.boot.SpringApplication.run(SpringApplication.java:1354)
	at org.springframework.boot.SpringApplication.run(SpringApplication.java:1343)
	at com.mindecho.MindEchoApplication.main(MindEchoApplication.java:17)
Caused by: org.springframework.beans.factory.UnsatisfiedDependencyException: Error creating bean with name 'redissonConnectionFactory' defined in class path resource [org/redisson/spring/starter/RedissonAutoConfigurationV2.class]: Unsatisfied dependency expressed through method 'redissonConnectionFactory' parameter 0: Error creating bean with name 'redisson' defined in class path resource [org/redisson/spring/starter/RedissonAutoConfigurationV2.class]: Failed to instantiate [org.redisson.api.RedissonClient]: Factory method 'redisson' threw exception with message: java.util.concurrent.ExecutionException: org.redisson.client.RedisConnectionException: Unable to connect to Redis server: localhost/127.0.0.1:6379
	at org.springframework.beans.factory.support.ConstructorResolver.createArgumentArray(ConstructorResolver.java:795)
	at org.springframework.beans.factory.support.ConstructorResolver.instantiateUsingFactoryMethod(ConstructorResolver.java:542)
	at org.springframework.beans.factory.support.AbstractAutowireCapableBeanFactory.instantiateUsingFactoryMethod(AbstractAutowireCapableBeanFactory.java:1335)
	at org.springframework.beans.factory.support.AbstractAutowireCapableBeanFactory.createBeanInstance(AbstractAutowireCapableBeanFactory.java:1165)
	at org.springframework.beans.factory.support.AbstractAutowireCapableBeanFactory.doCreateBean(AbstractAutowireCapableBeanFactory.java:562)
	at org.springframework.beans.factory.support.AbstractAutowireCapableBeanFactory.createBean(AbstractAutowireCapableBeanFactory.java:522)
	at org.springframework.beans.factory.support.AbstractBeanFactory.lambda$doGetBean$0(AbstractBeanFactory.java:326)
	at org.springframework.beans.factory.support.DefaultSingletonBeanRegistry.getSingleton(DefaultSingletonBeanRegistry.java:234)
	at org.springframework.beans.factory.support.AbstractBeanFactory.doGetBean(AbstractBeanFactory.java:324)
	at org.springframework.beans.factory.support.AbstractBeanFactory.getBean(AbstractBeanFactory.java:200)
	at org.springframework.beans.factory.config.DependencyDescriptor.resolveCandidate(DependencyDescriptor.java:254)
	at org.springframework.beans.factory.support.DefaultListableBeanFactory.doResolveDependency(DefaultListableBeanFactory.java:1443)
	at org.springframework.beans.factory.support.DefaultListableBeanFactory.resolveDependency(DefaultListableBeanFactory.java:1353)
	at org.springframework.beans.factory.support.ConstructorResolver.resolveAutowiredArgument(ConstructorResolver.java:904)
	at org.springframework.beans.factory.support.ConstructorResolver.createArgumentArray(ConstructorResolver.java:782)
	... 19 common frames omitted
Caused by: org.springframework.beans.factory.BeanCreationException: Error creating bean with name 'redisson' defined in class path resource [org/redisson/spring/starter/RedissonAutoConfigurationV2.class]: Failed to instantiate [org.redisson.api.RedissonClient]: Factory method 'redisson' threw exception with message: java.util.concurrent.ExecutionException: org.redisson.client.RedisConnectionException: Unable to connect to Redis server: localhost/127.0.0.1:6379
	at org.springframework.beans.factory.support.ConstructorResolver.instantiate(ConstructorResolver.java:648)
	at org.springframework.beans.factory.support.ConstructorResolver.instantiateUsingFactoryMethod(ConstructorResolver.java:485)
	at org.springframework.beans.factory.support.AbstractAutowireCapableBeanFactory.instantiateUsingFactoryMethod(AbstractAutowireCapableBeanFactory.java:1335)
	at org.springframework.beans.factory.support.AbstractAutowireCapableBeanFactory.createBeanInstance(AbstractAutowireCapableBeanFactory.java:1165)
	at org.springframework.beans.factory.support.AbstractAutowireCapableBeanFactory.doCreateBean(AbstractAutowireCapableBeanFactory.java:562)
	at org.springframework.beans.factory.support.AbstractAutowireCapableBeanFactory.createBean(AbstractAutowireCapableBeanFactory.java:522)
	at org.springframework.beans.factory.support.AbstractBeanFactory.lambda$doGetBean$0(AbstractBeanFactory.java:326)
	at org.springframework.beans.factory.support.DefaultSingletonBeanRegistry.getSingleton(DefaultSingletonBeanRegistry.java:234)
	at org.springframework.beans.factory.support.AbstractBeanFactory.doGetBean(AbstractBeanFactory.java:324)
	at org.springframework.beans.factory.support.AbstractBeanFactory.getBean(AbstractBeanFactory.java:200)
	at org.springframework.beans.factory.config.DependencyDescriptor.resolveCandidate(DependencyDescriptor.java:254)
	at org.springframework.beans.factory.support.DefaultListableBeanFactory.doResolveDependency(DefaultListableBeanFactory.java:1443)
	at org.springframework.beans.factory.support.DefaultListableBeanFactory.resolveDependency(DefaultListableBeanFactory.java:1353)
	at org.springframework.beans.factory.support.ConstructorResolver.resolveAutowiredArgument(ConstructorResolver.java:904)
	at org.springframework.beans.factory.support.ConstructorResolver.createArgumentArray(ConstructorResolver.java:782)
	... 33 common frames omitted
Caused by: org.springframework.beans.BeanInstantiationException: Failed to instantiate [org.redisson.api.RedissonClient]: Factory method 'redisson' threw exception with message: java.util.concurrent.ExecutionException: org.redisson.client.RedisConnectionException: Unable to connect to Redis server: localhost/127.0.0.1:6379
	at org.springframework.beans.factory.support.SimpleInstantiationStrategy.instantiate(SimpleInstantiationStrategy.java:177)
	at org.springframework.beans.factory.support.ConstructorResolver.instantiate(ConstructorResolver.java:644)
	... 47 common frames omitted
Caused by: org.redisson.client.RedisConnectionException: java.util.concurrent.ExecutionException: org.redisson.client.RedisConnectionException: Unable to connect to Redis server: localhost/127.0.0.1:6379
	at org.redisson.connection.MasterSlaveConnectionManager.doConnect(MasterSlaveConnectionManager.java:229)
	at org.redisson.connection.MasterSlaveConnectionManager.connect(MasterSlaveConnectionManager.java:193)
	at org.redisson.config.ConfigSupport.createConnectionManager(ConfigSupport.java:218)
	at org.redisson.Redisson.<init>(Redisson.java:70)
	at org.redisson.Redisson.create(Redisson.java:115)
	at org.redisson.spring.starter.RedissonAutoConfiguration.redisson(RedissonAutoConfiguration.java:330)
	at java.base/jdk.internal.reflect.DirectMethodHandleAccessor.invoke(DirectMethodHandleAccessor.java:103)
	at java.base/java.lang.reflect.Method.invoke(Method.java:580)
	at org.springframework.beans.factory.support.SimpleInstantiationStrategy.instantiate(SimpleInstantiationStrategy.java:140)
	... 48 common frames omitted
Caused by: java.util.concurrent.ExecutionException: org.redisson.client.RedisConnectionException: Unable to connect to Redis server: localhost/127.0.0.1:6379
	at java.base/java.util.concurrent.CompletableFuture.reportGet(CompletableFuture.java:396)
	at java.base/java.util.concurrent.CompletableFuture.get(CompletableFuture.java:2096)
	at org.redisson.connection.MasterSlaveConnectionManager.doConnect(MasterSlaveConnectionManager.java:225)
	... 56 common frames omitted
Caused by: org.redisson.client.RedisConnectionException: Unable to connect to Redis server: localhost/127.0.0.1:6379
	at org.redisson.connection.ConnectionsHolder.lambda$createConnection$2(ConnectionsHolder.java:165)
	at java.base/java.util.concurrent.CompletableFuture.uniHandle(CompletableFuture.java:934)
	at java.base/java.util.concurrent.CompletableFuture$UniHandle.tryFire(CompletableFuture.java:911)
	at java.base/java.util.concurrent.CompletableFuture.postComplete(CompletableFuture.java:510)
	at java.base/java.util.concurrent.CompletableFuture.completeExceptionally(CompletableFuture.java:2194)
	at org.redisson.connection.ConnectionsHolder.lambda$createConnection$5(ConnectionsHolder.java:179)
	at java.base/java.util.concurrent.CompletableFuture.uniWhenComplete(CompletableFuture.java:863)
	at java.base/java.util.concurrent.CompletableFuture$UniWhenComplete.tryFire(CompletableFuture.java:841)
	at java.base/java.util.concurrent.CompletableFuture.postComplete(CompletableFuture.java:510)
	at java.base/java.util.concurrent.CompletableFuture.completeExceptionally(CompletableFuture.java:2194)
	at org.redisson.client.RedisClient$1$1.run(RedisClient.java:295)
	at io.netty.util.concurrent.AbstractEventExecutor.runTask(AbstractEventExecutor.java:173)
	at io.netty.util.concurrent.AbstractEventExecutor.safeExecute(AbstractEventExecutor.java:166)
	at io.netty.util.concurrent.SingleThreadEventExecutor.runAllTasks(SingleThreadEventExecutor.java:470)
	at io.netty.channel.nio.NioEventLoop.run(NioEventLoop.java:569)
	at io.netty.util.concurrent.SingleThreadEventExecutor$4.run(SingleThreadEventExecutor.java:997)
	at io.netty.util.internal.ThreadExecutorMap$2.run(ThreadExecutorMap.java:74)
	at io.netty.util.concurrent.FastThreadLocalRunnable.run(FastThreadLocalRunnable.java:30)
	at java.base/java.lang.Thread.run(Thread.java:1583)
Caused by: java.util.concurrent.CompletionException: org.redisson.client.RedisException: ERR AUTH <password> called without any password configured for the default user. Are you sure your configuration is correct?. channel: [id: 0x9ae22d3e, L:/127.0.0.1:51300 - R:localhost/127.0.0.1:6379] command: (AUTH), params: (password masked)
	at java.base/java.util.concurrent.CompletableFuture.encodeRelay(CompletableFuture.java:368)
	at java.base/java.util.concurrent.CompletableFuture.completeRelay(CompletableFuture.java:377)
	at java.base/java.util.concurrent.CompletableFuture$UniRelay.tryFire(CompletableFuture.java:1097)
	at java.base/java.util.concurrent.CompletableFuture.postComplete(CompletableFuture.java:510)
	at java.base/java.util.concurrent.CompletableFuture.completeExceptionally(CompletableFuture.java:2194)
	at org.redisson.client.protocol.CommandData.tryFailure(CommandData.java:87)
	at org.redisson.client.handler.CommandDecoder.decode(CommandDecoder.java:414)
	at org.redisson.client.handler.CommandDecoder.decodeCommand(CommandDecoder.java:216)
	at org.redisson.client.handler.CommandDecoder.decode(CommandDecoder.java:144)
	at org.redisson.client.handler.CommandDecoder.decode(CommandDecoder.java:120)
	at io.netty.handler.codec.ByteToMessageDecoder.decodeRemovalReentryProtection(ByteToMessageDecoder.java:530)
	at io.netty.handler.codec.ReplayingDecoder.callDecode(ReplayingDecoder.java:366)
	at io.netty.handler.codec.ByteToMessageDecoder.channelRead(ByteToMessageDecoder.java:290)
	at io.netty.channel.AbstractChannelHandlerContext.invokeChannelRead(AbstractChannelHandlerContext.java:444)
	at io.netty.channel.AbstractChannelHandlerContext.invokeChannelRead(AbstractChannelHandlerContext.java:420)
	at io.netty.channel.AbstractChannelHandlerContext.fireChannelRead(AbstractChannelHandlerContext.java:412)
	at io.netty.channel.DefaultChannelPipeline$HeadContext.channelRead(DefaultChannelPipeline.java:1410)
	at io.netty.channel.AbstractChannelHandlerContext.invokeChannelRead(AbstractChannelHandlerContext.java:440)
	at io.netty.channel.AbstractChannelHandlerContext.invokeChannelRead(AbstractChannelHandlerContext.java:420)
	at io.netty.channel.DefaultChannelPipeline.fireChannelRead(DefaultChannelPipeline.java:919)
	at io.netty.channel.nio.AbstractNioByteChannel$NioByteUnsafe.read(AbstractNioByteChannel.java:166)
	at io.netty.channel.nio.NioEventLoop.processSelectedKey(NioEventLoop.java:788)
	at io.netty.channel.nio.NioEventLoop.processSelectedKeysOptimized(NioEventLoop.java:724)
	at io.netty.channel.nio.NioEventLoop.processSelectedKeys(NioEventLoop.java:650)
	at io.netty.channel.nio.NioEventLoop.run(NioEventLoop.java:562)
	... 4 common frames omitted
Caused by: org.redisson.client.RedisException: ERR AUTH <password> called without any password configured for the default user. Are you sure your configuration is correct?. channel: [id: 0x9ae22d3e, L:/127.0.0.1:51300 - R:localhost/127.0.0.1:6379] command: (AUTH), params: (password masked)
	... 23 common frames omitted
2026-05-28 12:09:08.409 [main] INFO  com.mindecho.MindEchoApplication - Starting MindEchoApplication using Java 21.0.7 with PID 42542 (/Users/wujunsheng/IdeaProjects/mindEcho/target/classes started by wujunsheng in /Users/wujunsheng/IdeaProjects/mindEcho)
2026-05-28 12:09:08.410 [main] DEBUG com.mindecho.MindEchoApplication - Running with Spring Boot v3.2.5, Spring v6.1.6
2026-05-28 12:09:08.410 [main] INFO  com.mindecho.MindEchoApplication - The following 1 profile is active: "dev"
2026-05-28 12:09:09.223 [main] INFO  o.s.d.r.c.RepositoryConfigurationDelegate - Multiple Spring Data modules found, entering strict repository configuration mode
2026-05-28 12:09:09.225 [main] INFO  o.s.d.r.c.RepositoryConfigurationDelegate - Bootstrapping Spring Data Redis repositories in DEFAULT mode.
2026-05-28 12:09:09.262 [main] INFO  o.s.d.r.c.RepositoryConfigurationDelegate - Finished Spring Data repository scanning in 13 ms. Found 0 Redis repository interfaces.
2026-05-28 12:09:09.941 [main] INFO  o.s.b.w.e.tomcat.TomcatWebServer - Tomcat initialized with port 8080 (http)
2026-05-28 12:09:09.950 [main] INFO  o.a.catalina.core.StandardService - Starting service [Tomcat]
2026-05-28 12:09:09.950 [main] INFO  o.a.catalina.core.StandardEngine - Starting Servlet engine: [Apache Tomcat/10.1.20]
2026-05-28 12:09:10.008 [main] INFO  o.a.c.c.C.[.[localhost].[/api] - Initializing Spring embedded WebApplicationContext
2026-05-28 12:09:10.008 [main] INFO  o.s.b.w.s.c.ServletWebServerApplicationContext - Root WebApplicationContext: initialization completed in 1483 ms
2026-05-28 12:09:10.607 [main] ERROR i.n.r.d.DnsServerAddressStreamProviders - Unable to load io.netty.resolver.dns.macos.MacOSDnsServerAddressStreamProvider, fallback to system defaults. This may result in incorrect DNS resolutions on MacOS. Check whether you have a dependency on 'io.netty:netty-resolver-dns-native-macos'. Use DEBUG level to see the full stack: java.lang.UnsatisfiedLinkError: failed to load the required native library
2026-05-28 12:09:11.123 [main] INFO  org.redisson.Version - Redisson 3.28.0
2026-05-28 12:09:11.220 [redisson-netty-2-5] INFO  o.r.connection.ConnectionsHolder - 1 connections initialized for localhost/127.0.0.1:6379
2026-05-28 12:09:11.266 [redisson-netty-2-20] INFO  o.r.connection.ConnectionsHolder - 24 connections initialized for localhost/127.0.0.1:6379
2026-05-28 12:09:11.694 [main] INFO  o.s.b.a.e.web.EndpointLinksResolver - Exposing 3 endpoint(s) beneath base path '/actuator'
2026-05-28 12:09:11.741 [main] INFO  o.s.b.w.e.tomcat.TomcatWebServer - Tomcat started on port 8080 (http) with context path '/api'
2026-05-28 12:09:11.760 [main] INFO  com.mindecho.MindEchoApplication - Started MindEchoApplication in 3.585 seconds (process running for 9.219)
2026-05-28 12:09:12.332 [RMI TCP Connection(4)-172.25.73.238] INFO  com.zaxxer.hikari.HikariDataSource - HikariPool-1 - Starting...
2026-05-28 12:09:12.333 [RMI TCP Connection(3)-172.25.73.238] INFO  o.a.c.c.C.[.[localhost].[/api] - Initializing Spring DispatcherServlet 'dispatcherServlet'
2026-05-28 12:09:12.334 [RMI TCP Connection(3)-172.25.73.238] INFO  o.s.web.servlet.DispatcherServlet - Initializing Servlet 'dispatcherServlet'
2026-05-28 12:09:12.335 [RMI TCP Connection(3)-172.25.73.238] INFO  o.s.web.servlet.DispatcherServlet - Completed initialization in 1 ms
2026-05-28 12:09:12.607 [RMI TCP Connection(4)-172.25.73.238] INFO  com.zaxxer.hikari.pool.HikariPool - HikariPool-1 - Added connection com.mysql.cj.jdbc.ConnectionImpl@457761ab
2026-05-28 12:09:12.609 [RMI TCP Connection(4)-172.25.73.238] INFO  com.zaxxer.hikari.HikariDataSource - HikariPool-1 - Start completed.
2026-05-28 12:25:21.163 [SpringApplicationShutdownHook] INFO  com.zaxxer.hikari.HikariDataSource - HikariPool-1 - Shutdown initiated...
2026-05-28 12:25:21.240 [SpringApplicationShutdownHook] INFO  com.zaxxer.hikari.HikariDataSource - HikariPool-1 - Shutdown completed.
2026-05-28 12:26:58.901 [main] INFO  com.mindecho.MindEchoApplication - Starting MindEchoApplication using Java 21.0.7 with PID 48854 (/Users/wujunsheng/IdeaProjects/mindEcho/target/classes started by wujunsheng in /Users/wujunsheng/IdeaProjects/mindEcho)
2026-05-28 12:26:58.901 [main] DEBUG com.mindecho.MindEchoApplication - Running with Spring Boot v3.2.5, Spring v6.1.6
2026-05-28 12:26:58.902 [main] INFO  com.mindecho.MindEchoApplication - The following 1 profile is active: "dev"
2026-05-28 12:26:59.831 [main] INFO  o.s.d.r.c.RepositoryConfigurationDelegate - Multiple Spring Data modules found, entering strict repository configuration mode
2026-05-28 12:26:59.833 [main] INFO  o.s.d.r.c.RepositoryConfigurationDelegate - Bootstrapping Spring Data Redis repositories in DEFAULT mode.
2026-05-28 12:26:59.852 [main] INFO  o.s.d.r.c.RepositoryConfigurationDelegate - Finished Spring Data repository scanning in 8 ms. Found 0 Redis repository interfaces.
2026-05-28 12:27:00.508 [main] INFO  o.s.b.w.e.tomcat.TomcatWebServer - Tomcat initialized with port 8080 (http)
2026-05-28 12:27:00.517 [main] INFO  o.a.catalina.core.StandardService - Starting service [Tomcat]
2026-05-28 12:27:00.517 [main] INFO  o.a.catalina.core.StandardEngine - Starting Servlet engine: [Apache Tomcat/10.1.20]
2026-05-28 12:27:00.575 [main] INFO  o.a.c.c.C.[.[localhost].[/api] - Initializing Spring embedded WebApplicationContext
2026-05-28 12:27:00.575 [main] INFO  o.s.b.w.s.c.ServletWebServerApplicationContext - Root WebApplicationContext: initialization completed in 1555 ms
2026-05-28 12:27:01.214 [main] ERROR i.n.r.d.DnsServerAddressStreamProviders - Unable to load io.netty.resolver.dns.macos.MacOSDnsServerAddressStreamProvider, fallback to system defaults. This may result in incorrect DNS resolutions on MacOS. Check whether you have a dependency on 'io.netty:netty-resolver-dns-native-macos'. Use DEBUG level to see the full stack: java.lang.UnsatisfiedLinkError: failed to load the required native library
2026-05-28 12:27:01.715 [main] INFO  org.redisson.Version - Redisson 3.28.0
2026-05-28 12:27:01.821 [redisson-netty-2-5] INFO  o.r.connection.ConnectionsHolder - 1 connections initialized for localhost/127.0.0.1:6379
2026-05-28 12:27:01.875 [redisson-netty-2-20] INFO  o.r.connection.ConnectionsHolder - 24 connections initialized for localhost/127.0.0.1:6379
2026-05-28 12:27:02.389 [main] INFO  o.s.b.a.e.web.EndpointLinksResolver - Exposing 3 endpoint(s) beneath base path '/actuator'
2026-05-28 12:27:02.440 [main] INFO  o.s.b.w.e.tomcat.TomcatWebServer - Tomcat started on port 8080 (http) with context path '/api'
2026-05-28 12:27:02.452 [main] INFO  com.mindecho.MindEchoApplication - Started MindEchoApplication in 3.804 seconds (process running for 9.676)
2026-05-28 12:27:02.757 [RMI TCP Connection(1)-172.25.73.238] INFO  o.a.c.c.C.[.[localhost].[/api] - Initializing Spring DispatcherServlet 'dispatcherServlet'
2026-05-28 12:27:02.757 [RMI TCP Connection(1)-172.25.73.238] INFO  o.s.web.servlet.DispatcherServlet - Initializing Servlet 'dispatcherServlet'
2026-05-28 12:27:02.758 [RMI TCP Connection(1)-172.25.73.238] INFO  o.s.web.servlet.DispatcherServlet - Completed initialization in 1 ms
2026-05-28 12:27:02.766 [RMI TCP Connection(2)-172.25.73.238] INFO  com.zaxxer.hikari.HikariDataSource - HikariPool-1 - Starting...
2026-05-28 12:27:03.007 [RMI TCP Connection(2)-172.25.73.238] INFO  com.zaxxer.hikari.pool.HikariPool - HikariPool-1 - Added connection com.mysql.cj.jdbc.ConnectionImpl@7273ae8e
2026-05-28 12:27:03.009 [RMI TCP Connection(2)-172.25.73.238] INFO  com.zaxxer.hikari.HikariDataSource - HikariPool-1 - Start completed.
2026-05-28 12:27:08.194 [http-nio-8080-exec-1] INFO  c.m.m.auth.controller.AuthController - WxLogin request: code=0c16txll2prcMh4npFol2jhK8k46txlP
2026-05-28 12:27:08.673 [http-nio-8080-exec-1] ERROR c.m.module.auth.service.AuthService - WeChat login failed: {"errcode":41002,"errmsg":"appid missing, rid: 6a17c41c-5449ec36-3666e449"}
2026-05-28 12:27:08.677 [http-nio-8080-exec-1] WARN  c.m.c.e.GlobalExceptionHandler - Business exception: code=2004, message=微信登录失败
2026-05-28 12:37:10.847 [SpringApplicationShutdownHook] INFO  com.zaxxer.hikari.HikariDataSource - HikariPool-1 - Shutdown initiated...
2026-05-28 12:37:10.865 [SpringApplicationShutdownHook] INFO  com.zaxxer.hikari.HikariDataSource - HikariPool-1 - Shutdown completed.
2026-05-28 12:37:40.554 [main] INFO  com.mindecho.MindEchoApplication - Starting MindEchoApplication using Java 21.0.7 with PID 52464 (/Users/wujunsheng/IdeaProjects/mindEcho/target/classes started by wujunsheng in /Users/wujunsheng/IdeaProjects/mindEcho)
2026-05-28 12:37:40.555 [main] DEBUG com.mindecho.MindEchoApplication - Running with Spring Boot v3.2.5, Spring v6.1.6
2026-05-28 12:37:40.556 [main] INFO  com.mindecho.MindEchoApplication - The following 1 profile is active: "dev"
2026-05-28 12:37:41.595 [main] INFO  o.s.d.r.c.RepositoryConfigurationDelegate - Multiple Spring Data modules found, entering strict repository configuration mode
2026-05-28 12:37:41.597 [main] INFO  o.s.d.r.c.RepositoryConfigurationDelegate - Bootstrapping Spring Data Redis repositories in DEFAULT mode.
2026-05-28 12:37:41.616 [main] INFO  o.s.d.r.c.RepositoryConfigurationDelegate - Finished Spring Data repository scanning in 7 ms. Found 0 Redis repository interfaces.
2026-05-28 12:37:42.361 [main] INFO  o.s.b.w.e.tomcat.TomcatWebServer - Tomcat initialized with port 8080 (http)
2026-05-28 12:37:42.372 [main] INFO  o.a.catalina.core.StandardService - Starting service [Tomcat]
2026-05-28 12:37:42.372 [main] INFO  o.a.catalina.core.StandardEngine - Starting Servlet engine: [Apache Tomcat/10.1.20]
2026-05-28 12:37:42.431 [main] INFO  o.a.c.c.C.[.[localhost].[/api] - Initializing Spring embedded WebApplicationContext
2026-05-28 12:37:42.432 [main] INFO  o.s.b.w.s.c.ServletWebServerApplicationContext - Root WebApplicationContext: initialization completed in 1734 ms
2026-05-28 12:37:43.363 [main] ERROR i.n.r.d.DnsServerAddressStreamProviders - Unable to load io.netty.resolver.dns.macos.MacOSDnsServerAddressStreamProvider, fallback to system defaults. This may result in incorrect DNS resolutions on MacOS. Check whether you have a dependency on 'io.netty:netty-resolver-dns-native-macos'. Use DEBUG level to see the full stack: java.lang.UnsatisfiedLinkError: failed to load the required native library
2026-05-28 12:37:43.971 [main] INFO  org.redisson.Version - Redisson 3.28.0
2026-05-28 12:37:44.107 [redisson-netty-2-5] INFO  o.r.connection.ConnectionsHolder - 1 connections initialized for localhost/127.0.0.1:6379
2026-05-28 12:37:44.173 [redisson-netty-2-20] INFO  o.r.connection.ConnectionsHolder - 24 connections initialized for localhost/127.0.0.1:6379
2026-05-28 12:37:44.752 [main] INFO  o.s.b.a.e.web.EndpointLinksResolver - Exposing 3 endpoint(s) beneath base path '/actuator'
2026-05-28 12:37:44.828 [main] INFO  o.s.b.w.e.tomcat.TomcatWebServer - Tomcat started on port 8080 (http) with context path '/api'
2026-05-28 12:37:44.844 [main] INFO  com.mindecho.MindEchoApplication - Started MindEchoApplication in 4.585 seconds (process running for 11.403)
2026-05-28 12:37:51.645 [http-nio-8080-exec-1] INFO  o.a.c.c.C.[.[localhost].[/api] - Initializing Spring DispatcherServlet 'dispatcherServlet'
2026-05-28 12:37:51.646 [http-nio-8080-exec-1] INFO  o.s.web.servlet.DispatcherServlet - Initializing Servlet 'dispatcherServlet'
2026-05-28 12:37:51.654 [http-nio-8080-exec-1] INFO  o.s.web.servlet.DispatcherServlet - Completed initialization in 8 ms
2026-05-28 12:37:51.805 [http-nio-8080-exec-1] INFO  c.m.m.auth.controller.AuthController - WxLogin request: code=0b1oLM2w3V4n973yWe3w3LMvK04oLM2r
2026-05-28 12:37:52.513 [http-nio-8080-exec-1] INFO  com.zaxxer.hikari.HikariDataSource - HikariPool-1 - Starting...
2026-05-28 12:37:52.797 [http-nio-8080-exec-1] INFO  com.zaxxer.hikari.pool.HikariPool - HikariPool-1 - Added connection com.mysql.cj.jdbc.ConnectionImpl@2df9ac13
2026-05-28 12:37:52.799 [http-nio-8080-exec-1] INFO  com.zaxxer.hikari.HikariDataSource - HikariPool-1 - Start completed.
2026-05-28 12:37:53.069 [http-nio-8080-exec-1] INFO  c.m.module.auth.service.AuthService - New user created: openid=oTqt23YYVkhHC0WICRHCcYr7Lvk0
2026-05-28 12:38:26.164 [http-nio-8080-exec-2] INFO  c.m.m.chat.controller.ChatController - Chat send: userId=2059856661404987394, message=你叫什么名字
2026-05-28 12:38:29.904 [task-1] DEBUG c.m.m.memory.service.MemoryService - Memory saved: userId=2059856661404987394, type=event
2026-05-28 12:43:10.140 [http-nio-8080-exec-7] INFO  c.m.m.auth.controller.AuthController - WxLogin request: code=0d1KuPll2YyWLh4qSNll2z2uCB0KuPlm
2026-05-28 12:43:21.368 [http-nio-8080-exec-8] INFO  c.m.m.chat.controller.ChatController - Chat send: userId=2059856661404987394, message=你记得我是谁吗
2026-05-28 12:43:24.662 [task-2] DEBUG c.m.m.memory.service.MemoryService - Memory saved: userId=2059856661404987394, type=event
2026-05-28 12:45:01.289 [http-nio-8080-exec-1] INFO  c.m.m.chat.controller.ChatController - Chat send: userId=2059856661404987394, message=我是johnson，我喜欢喝咖啡
2026-05-28 12:45:04.426 [task-3] DEBUG c.m.m.memory.service.MemoryService - Memory saved: userId=2059856661404987394, type=profile
2026-05-28 12:45:04.433 [task-3] DEBUG c.m.m.memory.service.MemoryService - Memory saved: userId=2059856661404987394, type=event
2026-05-28 12:45:17.351 [http-nio-8080-exec-3] INFO  c.m.m.chat.controller.ChatController - Chat send: userId=2059856661404987394, message=你知道我喜欢什么吗
2026-05-28 12:45:19.976 [task-4] DEBUG c.m.m.memory.service.MemoryService - Memory saved: userId=2059856661404987394, type=event
2026-05-28 12:46:32.474 [http-nio-8080-exec-6] INFO  c.m.m.chat.controller.ChatController - Chat send: userId=2059856661404987394, message=你知道我是谁吗
2026-05-28 12:46:35.098 [task-5] DEBUG c.m.m.memory.service.MemoryService - Memory saved: userId=2059856661404987394, type=event
2026-05-28 12:47:15.584 [SpringApplicationShutdownHook] INFO  com.zaxxer.hikari.HikariDataSource - HikariPool-1 - Shutdown initiated...
2026-05-28 12:47:15.586 [SpringApplicationShutdownHook] INFO  com.zaxxer.hikari.HikariDataSource - HikariPool-1 - Shutdown completed.
